2020-10-11T12:35:33.154Z - info: [ui] [AppStore] loading 0 repositories from store
2020-10-11T12:35:33.289Z - info: [ui] [Welcome] no sign in step found. ignoring...
2020-10-11T12:35:33.569Z - info: [ui] [Welcome] no sign in step found. ignoring...
2020-10-11T12:35:33.639Z - info: [ui] Opt in reported.
2020-10-11T12:35:33.958Z - info: [ui] launching: 2.5.4-linux1 (Linux 5.4.0-48-generic)
2020-10-11T12:35:33.969Z - info: [ui] execPath: '/usr/lib/github-desktop/github-desktop'
2020-10-11T12:35:34.060Z - info: [ui] [Welcome] no sign in step found. ignoring...
2020-10-11T12:35:34.277Z - info: [ui] [Welcome] no sign in step found. ignoring...
2020-10-11T12:35:42.725Z - info: [ui] [Welcome] advancing to step: SignInToDotComWithBrowser
2020-10-11T12:35:42.730Z - info: [ui] [SignInStore] initializing OAuth flow
2020-10-11T12:35:42.739Z - info: [main] opening in browser: https://github.com/login/oauth/authorize?client_id=3a723b10ac5575cc5bb9&scope=repo%20user%20workflow&state=99b5d336-ab74-4ecd-9332-74c3f683a947
2020-10-11T12:35:42.742Z - info: [ui] [Welcome] current sign in state not found. ignoring...
2020-10-11T12:35:42.782Z - info: [ui] [Welcome] kind Authentication is the same as Authentication. ignoring...
2020-10-11T12:35:43.418Z - info: [ui] [Welcome] kind Authentication is the same as Authentication. ignoring...
2020-10-11T12:35:43.467Z - info: [ui] [Welcome] kind Authentication is the same as Authentication. ignoring...
2020-10-11T12:35:48.153Z - info: [main] Received possible protocol arguments: 2
2020-10-11T12:35:48.153Z - info: [main] Processing protocol url
2020-10-11T12:35:48.205Z - info: [ui] [Dispatcher] requesting authenticated user
2020-10-11T12:35:48.222Z - info: [ui] [Welcome] kind Authentication is the same as Authentication. ignoring...
2020-10-11T12:35:48.254Z - info: [ui] [Welcome] kind Authentication is the same as Authentication. ignoring...
2020-10-11T12:35:49.115Z - info: [ui] [SignInStore] account resolved
2020-10-11T12:35:49.118Z - info: [ui] [AppStore] adding account ribafs (Ribamar FS) to store
2020-10-11T12:35:49.132Z - info: [ui] [Welcome] advancing to step: ConfigureGit
2020-10-11T12:35:49.397Z - info: [ui] [Welcome] no sign in step found. ignoring...
2020-10-11T12:35:50.963Z - info: [ui] [Welcome] no sign in step found. ignoring...
2020-10-11T12:36:00.417Z - info: [ui] [Welcome] advancing to step: UsageOptOut
2020-10-11T12:36:08.831Z - info: [ui] Opt out reported.
2020-10-11T12:36:08.842Z - info: [ui] [Welcome] no sign in step found. ignoring...
2020-10-11T12:36:51.097Z - info: [ui] [AppStore] adding repository at /backup/backup_github/public/laravel-acl to store
2020-10-11T12:36:55.206Z - info: [ui] [BranchPruner] No branches to prune.
2020-10-11T12:37:33.355Z - info: [ui] Executing updateIndex: git update-index --add --remove --force-remove --replace -z --stdin (took 15.293s)
2020-10-11T12:37:34.414Z - info: [ui] [Timing] Action 'create commit' for 'ribafs/laravel-acl' took 16.432s
2020-10-11T12:37:40.893Z - info: [ui] [AppStore.withAuthenticatingUser] account found for repository: laravel-acl - ribafs (has token)
2020-10-11T12:37:40.929Z - info: [ui] proxy url not resolved, protocol not supported
2020-10-11T12:37:44.637Z - info: [ui] Executing push: git -c credential.helper= -c protocol.version=2 push origin master:master --progress (took 3.657s)
2020-10-11T12:37:44.641Z - info: [ui] proxy url not resolved, protocol not supported
2020-10-11T12:37:46.200Z - info: [ui] Executing fetch: git -c credential.helper= -c protocol.version=2 fetch --progress --prune origin (took 1.484s)
2020-10-11T13:08:54.729Z - info: [ui] proxy url not resolved, protocol not supported
2020-10-11T13:08:56.289Z - info: [ui] Executing fetch: git -c credential.helper= -c protocol.version=2 fetch --progress --prune origin (took 1.493s)
